#
# There is insufficient memory for the Java Runtime Environment to continue.
# Native memory allocation (malloc) failed to allocate 1508176 bytes for Chunk::new
# Possible reasons:
#   The system is out of physical RAM or swap space
#   The process is running with CompressedOops enabled, and the Java Heap may be blocking the growth of the native heap
# Possible solutions:
#   Reduce memory load on the system
#   Increase physical memory or swap space
#   Check if swap backing store is full
#   Decrease Java heap size (-Xmx/-Xms)
#   Decrease number of Java threads
#   Decrease Java thread stack sizes (-Xss)
#   Set larger code cache with -XX:ReservedCodeCacheSize=
#   JVM is running with Zero Based Compressed Oops mode in which the Java heap is
#     placed in the first 32GB address space. The Java Heap base address is the
#     maximum limit for the native heap growth. Please use -XX:HeapBaseMinAddress
#     to set the Java Heap base and to place the Java Heap above 32GB virtual address.
# This output file may be truncated or incomplete.
#
#  Out of Memory Error (allocation.cpp:389), pid=39480, tid=0x00000000000046c8
#
# JRE version: Java(TM) SE Runtime Environment (8.0_241-b07) (build 1.8.0_241-b07)
# Java VM: Java HotSpot(TM) 64-Bit Server VM (25.241-b07 mixed mode windows-amd64 compressed oops)
# Failed to write core dump. Minidumps are not enabled by default on client versions of Windows
#

---------------  T H R E A D  ---------------

Current thread (0x000000001de96800):  JavaThread "C2 CompilerThread0" daemon [_thread_in_native, id=18120, stack(0x000000001f570000,0x000000001f670000)]

Stack: [0x000000001f570000,0x000000001f670000]
[error occurred during error reporting (printing stack bounds), id 0xc0000005]

Native frames: (J=compiled Java code, j=interpreted, Vv=VM code, C=native code)


Current CompileTask:
C2:   2137 2959   !   4       org.codehaus.plexus.interpolation.StringSearchInterpolator::interpolate (650 bytes)


---------------  P R O C E S S  ---------------

Java Threads: ( => current thread )
  0x000000001df3a800 JavaThread "Service Thread" daemon [_thread_blocked, id=45244, stack(0x000000001f970000,0x000000001fa70000)]
  0x000000001de9e800 JavaThread "C1 CompilerThread3" daemon [_thread_blocked, id=18840, stack(0x000000001f870000,0x000000001f970000)]
  0x000000001de9c000 JavaThread "C2 CompilerThread2" daemon [_thread_in_vm, id=18948, stack(0x000000001f770000,0x000000001f870000)]
  0x000000001de9b000 JavaThread "C2 CompilerThread1" daemon [_thread_in_native, id=17152, stack(0x000000001f670000,0x000000001f770000)]
=>0x000000001de96800 JavaThread "C2 CompilerThread0" daemon [_thread_in_native, id=18120, stack(0x000000001f570000,0x000000001f670000)]
  0x000000001de92800 JavaThread "Monitor Ctrl-Break" daemon [_thread_in_native, id=37188, stack(0x000000001f470000,0x000000001f570000)]
  0x000000001de28000 JavaThread "Attach Listener" daemon [_thread_blocked, id=16444, stack(0x000000001f370000,0x000000001f470000)]
  0x000000001de27000 JavaThread "Signal Dispatcher" daemon [_thread_blocked, id=35520, stack(0x000000001f270000,0x000000001f370000)]
  0x000000001c742000 JavaThread "Finalizer" daemon [_thread_blocked, id=18792, stack(0x000000001f070000,0x000000001f170000)]
  0x000000001de13000 JavaThread "Reference Handler" daemon [_thread_blocked, id=39756, stack(0x000000001ef70000,0x000000001f070000)]
  0x00000000029c3000 JavaThread "main" [_thread_in_vm, id=5244, stack(0x0000000002750000,0x0000000002850000)]

Other Threads:
  0x000000001c735800 VMThread [stack: 0x000000001ee70000,0x000000001ef70000] [id=50640]
  0x000000001df50800 WatcherThread [stack: 0x000000001fa70000,0x000000001fb70000] [id=17404]

VM state:not at safepoint (normal execution)

VM Mutex/Monitor currently owned by a thread: None

heap address: 0x00000006c1a00000, size: 4070 MB, Compressed Oops mode: Zero based, Oop shift amount: 3
Narrow klass base: 0x0000000000000000, Narrow klass shift: 3
Compressed class space size: 1073741824 Address: 0x00000007c0000000

Heap:
 PSYoungGen      total 76288K, used 72517K [0x000000076b380000, 0x0000000770880000, 0x00000007c0000000)
  eden space 65536K, 95% used [0x000000076b380000,0x000000076f0d01c8,0x000000076f380000)
  from space 10752K, 90% used [0x000000076fe00000,0x00000007707815d0,0x0000000770880000)
  to   space 10752K, 0% used [0x000000076f380000,0x000000076f380000,0x000000076fe00000)
 ParOldGen       total 175104K, used 32K [0x00000006c1a00000, 0x00000006cc500000, 0x000000076b380000)
  object space 175104K, 0% used [0x00000006c1a00000,0x00000006c1a08000,0x00000006cc500000)
 Metaspace       used 18392K, capacity 18878K, committed 18944K, reserved 1067008K
  class space    used 2155K, capacity 2286K, committed 2304K, reserved 1048576K

Card table byte_map: [0x0000000011e80000,0x0000000012680000] byte_map_base: 0x000000000e873000

Marking Bits: (ParMarkBitMap*) 0x0000000056fabe30
 Begin Bits: [0x00000000135d0000, 0x0000000017568000)
 End Bits:   [0x0000000017568000, 0x000000001b500000)

Polling page: 0x00000000005f0000

CodeCache: size=245760Kb used=10501Kb max_used=10501Kb free=235259Kb
 bounds [0x0000000002ac0000, 0x0000000003510000, 0x0000000011ac0000]
 total_blobs=3489 nmethods=3106 adapters=295
 compilation: enabled

Compilation events (10 events):
Event: 2.115 Thread 0x000000001de9e800 3104       3       java.util.WeakHashMap::<init> (133 bytes)
Event: 2.116 Thread 0x000000001de9e800 nmethod 3104 0x0000000003503050 code [0x0000000003503340, 0x0000000003504ac8]
Event: 2.116 Thread 0x000000001de9e800 3105       3       java.util.WeakHashMap::newTable (8 bytes)
Event: 2.116 Thread 0x000000001de9e800 nmethod 3105 0x0000000003502c90 code [0x0000000003502de0, 0x0000000003502fb0]
Event: 2.119 Thread 0x000000001de9b000 3106       4       java.net.URLClassLoader$1::run (5 bytes)
Event: 2.125 Thread 0x000000001de9e800 3107       3       java.lang.ClassLoader::loadClass (7 bytes)
Event: 2.125 Thread 0x000000001de9e800 nmethod 3107 0x0000000003502850 code [0x00000000035029c0, 0x0000000003502be8]
Event: 2.125 Thread 0x000000001de9c000 3108   !   4       java.net.URLClassLoader$1::run (63 bytes)
Event: 2.127 Thread 0x000000001de9e800 3109       3       java.lang.Enum::<init> (15 bytes)
Event: 2.127 Thread 0x000000001de9e800 nmethod 3109 0x0000000003502490 code [0x00000000035025e0, 0x00000000035027b0]

GC Heap History (4 events):
Event: 0.856 GC heap before
{Heap before GC invocations=1 (full 0):
 PSYoungGen      total 76288K, used 65536K [0x000000076b380000, 0x0000000770880000, 0x00000007c0000000)
  eden space 65536K, 100% used [0x000000076b380000,0x000000076f380000,0x000000076f380000)
  from space 10752K, 0% used [0x000000076fe00000,0x000000076fe00000,0x0000000770880000)
  to   space 10752K, 0% used [0x000000076f380000,0x000000076f380000,0x000000076fe00000)
 ParOldGen       total 175104K, used 0K [0x00000006c1a00000, 0x00000006cc500000, 0x000000076b380000)
  object space 175104K, 0% used [0x00000006c1a00000,0x00000006c1a00000,0x00000006cc500000)
 Metaspace       used 11007K, capacity 11278K, committed 11520K, reserved 1058816K
  class space    used 1341K, capacity 1414K, committed 1536K, reserved 1048576K
Event: 0.860 GC heap after
Heap after GC invocations=1 (full 0):
 PSYoungGen      total 76288K, used 8729K [0x000000076b380000, 0x0000000770880000, 0x00000007c0000000)
  eden space 65536K, 0% used [0x000000076b380000,0x000000076b380000,0x000000076f380000)
  from space 10752K, 81% used [0x000000076f380000,0x000000076fc065d0,0x000000076fe00000)
  to   space 10752K, 0% used [0x000000076fe00000,0x000000076fe00000,0x0000000770880000)
 ParOldGen       total 175104K, used 16K [0x00000006c1a00000, 0x00000006cc500000, 0x000000076b380000)
  object space 175104K, 0% used [0x00000006c1a00000,0x00000006c1a04000,0x00000006cc500000)
 Metaspace       used 11007K, capacity 11278K, committed 11520K, reserved 1058816K
  class space    used 1341K, capacity 1414K, committed 1536K, reserved 1048576K
}
Event: 1.498 GC heap before
{Heap before GC invocations=2 (full 0):
 PSYoungGen      total 76288K, used 74265K [0x000000076b380000, 0x0000000770880000, 0x00000007c0000000)
  eden space 65536K, 100% used [0x000000076b380000,0x000000076f380000,0x000000076f380000)
  from space 10752K, 81% used [0x000000076f380000,0x000000076fc065d0,0x000000076fe00000)
  to   space 10752K, 0% used [0x000000076fe00000,0x000000076fe00000,0x0000000770880000)
 ParOldGen       total 175104K, used 16K [0x00000006c1a00000, 0x00000006cc500000, 0x000000076b380000)
  object space 175104K, 0% used [0x00000006c1a00000,0x00000006c1a04000,0x00000006cc500000)
 Metaspace       used 16263K, capacity 16534K, committed 16640K, reserved 1064960K
  class space    used 1946K, capacity 2038K, committed 2048K, reserved 1048576K
Event: 1.507 GC heap after
Heap after GC invocations=2 (full 0):
 PSYoungGen      total 76288K, used 9733K [0x000000076b380000, 0x0000000770880000, 0x00000007c0000000)
  eden space 65536K, 0% used [0x000000076b380000,0x000000076b380000,0x000000076f380000)
  from space 10752K, 90% used [0x000000076fe00000,0x00000007707815d0,0x0000000770880000)
  to   space 10752K, 0% used [0x000000076f380000,0x000000076f380000,0x000000076fe00000)
 ParOldGen       total 175104K, used 32K [0x00000006c1a00000, 0x00000006cc500000, 0x000000076b380000)
  object space 175104K, 0% used [0x00000006c1a00000,0x00000006c1a08000,0x00000006cc500000)
 Metaspace       used 16263K, capacity 16534K, committed 16640K, reserved 1064960K
  class space    used 1946K, capacity 2038K, committed 2048K, reserved 1048576K
}

Deoptimization events (10 events):
Event: 1.895 Thread 0x00000000029c3000 Uncommon trap: reason=predicate action=maybe_recompile pc=0x0000000003382fd0 method=java.util.TimSort.binarySort([Ljava/lang/Object;IIILjava/util/Comparator;)V @ 37
Event: 1.949 Thread 0x00000000029c3000 Uncommon trap: reason=unstable_if action=reinterpret pc=0x00000000032dbb9c method=org.codehaus.plexus.util.xml.pull.MXParser.parseAttribute()C @ 995
Event: 2.042 Thread 0x00000000029c3000 Uncommon trap: reason=array_check action=maybe_recompile pc=0x00000000034df054 method=java.util.TimSort.binarySort([Ljava/lang/Object;IIILjava/util/Comparator;)V @ 193
Event: 2.042 Thread 0x00000000029c3000 Uncommon trap: reason=array_check action=maybe_recompile pc=0x00000000034df054 method=java.util.TimSort.binarySort([Ljava/lang/Object;IIILjava/util/Comparator;)V @ 193
Event: 2.042 Thread 0x00000000029c3000 Uncommon trap: reason=array_check action=maybe_recompile pc=0x00000000034def90 method=java.util.TimSort.binarySort([Ljava/lang/Object;IIILjava/util/Comparator;)V @ 215
Event: 2.042 Thread 0x00000000029c3000 Uncommon trap: reason=array_check action=maybe_recompile pc=0x00000000034df054 method=java.util.TimSort.binarySort([Ljava/lang/Object;IIILjava/util/Comparator;)V @ 193
Event: 2.047 Thread 0x00000000029c3000 Uncommon trap: reason=array_check action=maybe_recompile pc=0x00000000034e1b5c method=java.util.TimSort.binarySort([Ljava/lang/Object;IIILjava/util/Comparator;)V @ 183
Event: 2.049 Thread 0x00000000029c3000 Uncommon trap: reason=array_check action=maybe_recompile pc=0x00000000034e1b5c method=java.util.TimSort.binarySort([Ljava/lang/Object;IIILjava/util/Comparator;)V @ 183
Event: 2.114 Thread 0x00000000029c3000 Uncommon trap: reason=unstable_if action=reinterpret pc=0x0000000002be3c88 method=java.net.URI.match(CJJ)Z @ 19
Event: 2.116 Thread 0x00000000029c3000 Uncommon trap: reason=predicate action=maybe_recompile pc=0x00000000032e930c method=sun.misc.Resource.getBytes()[B @ 53

Classes redefined (0 events):
No events

Internal exceptions (10 events):
Event: 0.679 Thread 0x00000000029c3000 Exception <a 'java/lang/ArrayIndexOutOfBoundsException'> (0x000000076d959a70) thrown at [C:\ade\jenkins\workspace\8-2-build-windows-amd64-cygwin\jdk8u241\331\hotspot\src\share\vm\runtime\sharedRuntime.cpp, line 605]
Event: 0.680 Thread 0x00000000029c3000 Exception <a 'java/lang/ArrayIndexOutOfBoundsException'> (0x000000076d95e3d0) thrown at [C:\ade\jenkins\workspace\8-2-build-windows-amd64-cygwin\jdk8u241\331\hotspot\src\share\vm\runtime\sharedRuntime.cpp, line 605]
Event: 0.715 Thread 0x00000000029c3000 Exception <a 'java/lang/ArrayIndexOutOfBoundsException': 66> (0x000000076dcf6ad8) thrown at [C:\ade\jenkins\workspace\8-2-build-windows-amd64-cygwin\jdk8u241\331\hotspot\src\share\vm\interpreter\interpreterRuntime.cpp, line 368]
Event: 1.044 Thread 0x00000000029c3000 Exception <a 'java/lang/NoClassDefFoundError': com/google/inject/servlet/ServletModuleTargetVisitor> (0x000000076cc1dc40) thrown at [C:\ade\jenkins\workspace\8-2-build-windows-amd64-cygwin\jdk8u241\331\hotspot\src\share\vm\classfile\systemDictionary.cpp, 
Event: 1.044 Thread 0x00000000029c3000 Exception <a 'java/lang/NoClassDefFoundError'> (0x000000076cc1dc40) thrown at [C:\ade\jenkins\workspace\8-2-build-windows-amd64-cygwin\jdk8u241\331\hotspot\src\share\vm\prims\jvm.cpp, line 1506]
Event: 1.044 Thread 0x00000000029c3000 Exception <a 'java/lang/NoClassDefFoundError': javax/annotation/Priority> (0x000000076cc22c38) thrown at [C:\ade\jenkins\workspace\8-2-build-windows-amd64-cygwin\jdk8u241\331\hotspot\src\share\vm\classfile\systemDictionary.cpp, line 199]
Event: 1.095 Thread 0x00000000029c3000 Implicit null exception at 0x0000000002c647d9 to 0x0000000002c649c9
Event: 1.273 Thread 0x00000000029c3000 Implicit null exception at 0x0000000003133571 to 0x0000000003134899
Event: 1.440 Thread 0x00000000029c3000 Implicit null exception at 0x0000000002e91815 to 0x0000000002e91a19
Event: 2.114 Thread 0x00000000029c3000 Exception <a 'java/lang/ClassNotFoundException': com/sun/tools/javac/api/JavacTool> (0x000000076ee24b38) thrown at [C:\ade\jenkins\workspace\8-2-build-windows-amd64-cygwin\jdk8u241\331\hotspot\src\share\vm\classfile\systemDictionary.cpp, line 210]

Events (10 events):
Event: 2.135 loading class com/sun/tools/javac/resources/compiler_en_GB
Event: 2.135 loading class com/sun/tools/javac/resources/compiler_en_GB done
Event: 2.135 loading class com/sun/tools/javac/util/BasicDiagnosticFormatter
Event: 2.135 loading class com/sun/tools/javac/util/BasicDiagnosticFormatter done
Event: 2.136 loading class com/sun/tools/javac/util/AbstractDiagnosticFormatter
Event: 2.136 loading class com/sun/tools/javac/util/AbstractDiagnosticFormatter done
Event: 2.136 loading class com/sun/tools/javac/code/Printer
Event: 2.136 loading class com/sun/tools/javac/code/Printer done
Event: 2.136 loading class com/sun/tools/javac/code/Type$Visitor
Event: 2.136 loading class com/sun/tools/javac/code/Type$Visitor done


Dynamic libraries:
0x00007ff6c85c0000 - 0x00007ff6c85f7000 	C:\Program Files\Java\jdk1.8.0_241\bin\java.exe
0x00007ff99c160000 - 0x00007ff99c350000 	C:\Windows\SYSTEM32\ntdll.dll
0x00007ff99a330000 - 0x00007ff99a3e2000 	C:\Windows\System32\KERNEL32.DLL
0x00007ff9994c0000 - 0x00007ff999764000 	C:\Windows\System32\KERNELBASE.dll
0x00007ff99b660000 - 0x00007ff99b703000 	C:\Windows\System32\ADVAPI32.dll
0x00007ff99b510000 - 0x00007ff99b5ae000 	C:\Windows\System32\msvcrt.dll
0x00007ff99a290000 - 0x00007ff99a327000 	C:\Windows\System32\sechost.dll
0x00007ff99b8b0000 - 0x00007ff99b9d0000 	C:\Windows\System32\RPCRT4.dll
0x00007ff99b710000 - 0x00007ff99b8a4000 	C:\Windows\System32\USER32.dll
0x00007ff999920000 - 0x00007ff999941000 	C:\Windows\System32\win32u.dll
0x00007ff99b280000 - 0x00007ff99b2a6000 	C:\Windows\System32\GDI32.dll
0x00007ff999130000 - 0x00007ff9992c6000 	C:\Windows\System32\gdi32full.dll
0x00007ff99a170000 - 0x00007ff99a20e000 	C:\Windows\System32\msvcp_win.dll
0x00007ff999770000 - 0x00007ff99986a000 	C:\Windows\System32\ucrtbase.dll
0x00007ff9808a0000 - 0x00007ff980b24000 	C:\Windows\WinSxS\amd64_microsoft.windows.common-controls_6595b64144ccf1df_6.0.18362.959_none_e6c7bbbf130c62bb\COMCTL32.dll
0x00007ff99a3f0000 - 0x00007ff99a725000 	C:\Windows\System32\combase.dll
0x00007ff999440000 - 0x00007ff9994c0000 	C:\Windows\System32\bcryptPrimitives.dll
0x00007ff99a870000 - 0x00007ff99a89e000 	C:\Windows\System32\IMM32.DLL
0x0000000057030000 - 0x0000000057102000 	C:\Program Files\Java\jdk1.8.0_241\jre\bin\msvcr100.dll
0x0000000056780000 - 0x000000005702c000 	C:\Program Files\Java\jdk1.8.0_241\jre\bin\server\jvm.dll
0x00007ff99b270000 - 0x00007ff99b278000 	C:\Windows\System32\PSAPI.DLL
0x00007ff97aca0000 - 0x00007ff97aca9000 	C:\Windows\SYSTEM32\WSOCK32.dll
0x00007ff989a50000 - 0x00007ff989a74000 	C:\Windows\SYSTEM32\WINMM.dll
0x00007ff991c40000 - 0x00007ff991c4a000 	C:\Windows\SYSTEM32\VERSION.dll
0x00007ff99b2b0000 - 0x00007ff99b31f000 	C:\Windows\System32\WS2_32.dll
0x00007ff989a20000 - 0x00007ff989a4d000 	C:\Windows\SYSTEM32\WINMMBASE.dll
0x00007ff9990e0000 - 0x00007ff99912a000 	C:\Windows\System32\cfgmgr32.dll
0x00007ff97d460000 - 0x00007ff97d46f000 	C:\Program Files\Java\jdk1.8.0_241\jre\bin\verify.dll
0x00007ff9773d0000 - 0x00007ff9773f9000 	C:\Program Files\Java\jdk1.8.0_241\jre\bin\java.dll
0x00007ff9757b0000 - 0x00007ff9757d3000 	C:\Program Files\Java\jdk1.8.0_241\jre\bin\instrument.dll
0x00007ff9708f0000 - 0x00007ff970906000 	C:\Program Files\Java\jdk1.8.0_241\jre\bin\zip.dll
0x00007ff99ba30000 - 0x00007ff99c116000 	C:\Windows\System32\SHELL32.dll
0x00007ff99b5b0000 - 0x00007ff99b659000 	C:\Windows\System32\shcore.dll
0x00007ff9999e0000 - 0x00007ff99a162000 	C:\Windows\System32\windows.storage.dll
0x00007ff999020000 - 0x00007ff999043000 	C:\Windows\System32\profapi.dll
0x00007ff999090000 - 0x00007ff9990da000 	C:\Windows\System32\powrprof.dll
0x00007ff999010000 - 0x00007ff999020000 	C:\Windows\System32\UMPDC.dll
0x00007ff99b4b0000 - 0x00007ff99b502000 	C:\Windows\System32\shlwapi.dll
0x00007ff999070000 - 0x00007ff999081000 	C:\Windows\System32\kernel.appcore.dll
0x00007ff9992d0000 - 0x00007ff9992e7000 	C:\Windows\System32\cryptsp.dll
0x00007ff970560000 - 0x00007ff97057a000 	C:\Users\xpyro\AppData\Local\JetBrains\Toolbox\apps\IDEA-U\ch-0\201.7846.76\bin\breakgen64.dll
0x00007ff970540000 - 0x00007ff97055a000 	C:\Program Files\Java\jdk1.8.0_241\jre\bin\net.dll
0x00007ff998880000 - 0x00007ff9988e7000 	C:\Windows\system32\mswsock.dll
0x00007ff9983f0000 - 0x00007ff998423000 	C:\Windows\system32\rsaenh.dll
0x00007ff999950000 - 0x00007ff999976000 	C:\Windows\System32\bcrypt.dll
0x00007ff998f30000 - 0x00007ff998f55000 	C:\Windows\SYSTEM32\USERENV.dll
0x00007ff998a50000 - 0x00007ff998a5c000 	C:\Windows\SYSTEM32\CRYPTBASE.dll
0x00007ff998590000 - 0x00007ff9985ca000 	C:\Windows\SYSTEM32\IPHLPAPI.DLL
0x00007ff99b4a0000 - 0x00007ff99b4a8000 	C:\Windows\System32\NSI.dll
0x00007ff9941b0000 - 0x00007ff9941c6000 	C:\Windows\SYSTEM32\dhcpcsvc6.DLL
0x00007ff9946c0000 - 0x00007ff9946dc000 	C:\Windows\SYSTEM32\dhcpcsvc.DLL
0x00007ff9985d0000 - 0x00007ff99869b000 	C:\Windows\SYSTEM32\DNSAPI.dll
0x00007ff970520000 - 0x00007ff970532000 	C:\Program Files\Java\jdk1.8.0_241\jre\bin\nio.dll
0x00007ff973cd0000 - 0x00007ff973cda000 	C:\Users\xpyro\AppData\Local\Temp\jansi-1.17.1-7107559303914002463.dll
0x00007ff973b70000 - 0x00007ff973b7a000 	C:\Users\xpyro\AppData\Local\Temp\jansi-1.17.1-48280308015963531.dll

VM Arguments:
jvm_args: -Dmaven.multiModuleProjectDirectory=C:\Users\xpyro\IdeaProjects\ventus-core -Dmaven.home=C:\Users\xpyro\AppData\Local\JetBrains\Toolbox\apps\IDEA-U\ch-0\201.7846.76\plugins\maven\lib\maven3 -Dclassworlds.conf=C:\Users\xpyro\AppData\Local\JetBrains\Toolbox\apps\IDEA-U\ch-0\201.7846.76\plugins\maven\lib\maven3\bin\m2.conf -Dmaven.ext.class.path=C:\Users\xpyro\AppData\Local\JetBrains\Toolbox\apps\IDEA-U\ch-0\201.7846.76\plugins\maven\lib\maven-event-listener.jar -javaagent:C:\Users\xpyro\AppData\Local\JetBrains\Toolbox\apps\IDEA-U\ch-0\201.7846.76\lib\idea_rt.jar=65073:C:\Users\xpyro\AppData\Local\JetBrains\Toolbox\apps\IDEA-U\ch-0\201.7846.76\bin -Dfile.encoding=UTF-8 
java_command: org.codehaus.classworlds.Launcher -Didea.version2020.1.2 install
java_class_path (initial): C:\Users\xpyro\AppData\Local\JetBrains\Toolbox\apps\IDEA-U\ch-0\201.7846.76\plugins\maven\lib\maven3\boot\plexus-classworlds-2.6.0.jar;C:\Users\xpyro\AppData\Local\JetBrains\Toolbox\apps\IDEA-U\ch-0\201.7846.76\plugins\maven\lib\maven3\boot\plexus-classworlds.license;C:\Users\xpyro\AppData\Local\JetBrains\Toolbox\apps\IDEA-U\ch-0\201.7846.76\lib\idea_rt.jar
Launcher Type: SUN_STANDARD

Environment Variables:
JAVA_HOME=C:\Program Files\Java\jdk1.8.0_241
PATH=C:\Program Files\Oculus\Support\oculus-runtime;C:\Program Files (x86)\Common Files\Intel\Shared Libraries\redist\intel64\compiler;C:\Program Files (x86)\Common Files\Oracle\Java\javapath;C:\Windows\system32;C:\Windows;C:\Windows\System32\Wbem;C:\Windows\System32\WindowsPowerShell\v1.0\;C:\Windows\System32\OpenSSH\;C:\Program Files\Git\cmd;C:\Program Files\NVIDIA Corporation\NVIDIA NvDLISR;C:\Program Files (x86)\NVIDIA Corporation\PhysX\Common;C:\Program Files\dotnet\;C:\Go\bin;C:\Program Files\nodejs\;C:\Ruby27-x64\bin;C:\Users\xpyro\.cargo\bin;C:\Users\xpyro\AppData\Local\Programs\Python\Python38\Scripts\;C:\Users\xpyro\AppData\Local\Programs\Python\Python38\;C:\Users\xpyro\AppData\Local\Microsoft\WindowsApps;C:\Program Files\JetBrains\IntelliJ IDEA 2019.3.3\bin;;C:\Users\xpyro\AppData\Local\atom\bin;C:\Users\xpyro\AppData\Local\Programs\Microsoft VS Code\bin;C:\Program Files\apache-maven-3.6.3\bin;C:\Users\xpyro\go\bin;C:\Users\xpyro\AppData\Roaming\npm
USERNAME=xpyro
OS=Windows_NT
PROCESSOR_IDENTIFIER=Intel64 Family 6 Model 158 Stepping 10, GenuineIntel



---------------  S Y S T E M  ---------------

OS: Windows 10.0 , 64 bit Build 18362 (10.0.18362.959)

CPU:total 12 (initial active 12) (6 cores per cpu, 2 threads per core) family 6 model 158 stepping 10, cmov, cx8, fxsr, mmx, sse, sse2, sse3, ssse3, sse4.1, sse4.2, popcnt, avx, avx2, aes, clmul, erms, rtm, 3dnowpref, lzcnt, ht, tsc, tscinvbit, bmi1, bmi2, adx

Memory: 4k page, physical 16665860k(3487080k free), swap 16665860k(6328k free)

vm_info: Java HotSpot(TM) 64-Bit Server VM (25.241-b07) for windows-amd64 JRE (1.8.0_241-b07), built on Dec 11 2019 10:21:40 by "rejava" with MS VC++ 10.0 (VS2010)

time: Tue Jul 21 20:33:37 2020
timezone: GMT Daylight Time
elapsed time: 2 seconds (0d 0h 0m 2s)

